<?xml version="1.0" encoding="UTF-8"?>
<!-- Generated by org.testng.reporters.JUnitReportReporter -->
<testsuite hostname="meldas-MacBook-Pro.local" failures="0" tests="6" name="scripts.CarvanaHomePageTest" time="70.449" errors="0" timestamp="2023-02-03T22:56:36 CST" skipped="0">
  <testcase classname="scripts.CarvanaHomePageTest" name="testCarvanaUrlAndTitle" time="8.835"/>
  <system-out/>
  <testcase classname="scripts.CarvanaHomePageTest" name="testLogo" time="8.355"/>
  <system-out/>
  <testcase classname="scripts.CarvanaHomePageTest" name="testNavigationSection" time="8.125"/>
  <system-out/>
  <testcase classname="scripts.CarvanaHomePageTest" name="testSignInErrorMessage" time="11.441"/>
  <system-out/>
  <testcase classname="scripts.CarvanaHomePageTest" name="TestSearchCars" time="13.749"/>
  <system-out/>
  <testcase classname="scripts.CarvanaHomePageTest" name="TestSearchResult" time="19.944"/>
  <system-out/>
</testsuite> <!-- scripts.CarvanaHomePageTest -->
