<?xml version="1.0" encoding="UTF-8"?>
<!-- Generated by org.testng.reporters.JUnitReportReporter -->
<testsuite hostname="meldas-MacBook-Pro.local" failures="0" tests="6" name="scripts.CarvanaHomePageTest" time="95.838" errors="0" timestamp="2022-06-17T20:02:21 CDT" skipped="0">
  <testcase classname="scripts.CarvanaHomePageTest" name="testCarvanaUrlAndTitle" time="7.051"/>
  <system-out/>
  <testcase classname="scripts.CarvanaHomePageTest" name="testLogo" time="8.997"/>
  <system-out/>
  <testcase classname="scripts.CarvanaHomePageTest" name="testNavigationSection" time="7.085"/>
  <system-out/>
  <testcase classname="scripts.CarvanaHomePageTest" name="testSignInErrorMessage" time="8.495"/>
  <system-out/>
  <testcase classname="scripts.CarvanaHomePageTest" name="TestSearchCars" time="13.583"/>
  <system-out/>
  <testcase classname="scripts.CarvanaHomePageTest" name="TestSearchResult" time="50.627"/>
  <system-out/>
</testsuite> <!-- scripts.CarvanaHomePageTest -->
